2025-09-25 18:07:19|/home/juanpa/Projects/arch-stats/backend/src/app.py:32|Closing DB...
2025-09-25 18:07:19|/home/juanpa/Projects/arch-stats/backend/src/app.py:34|Server shutdown complete.
2025-09-25 18:09:31|/home/juanpa/Projects/arch-stats/backend/src/app.py:25|Starting Server up...
2025-09-25 18:09:31|/home/juanpa/Projects/arch-stats/backend/src/db_engine.py:62|Creating new async DB engine
2025-09-25 18:10:42|/home/juanpa/Projects/arch-stats/backend/src/app.py:32|Closing DB...
2025-09-25 18:10:42|/home/juanpa/Projects/arch-stats/backend/src/db_engine.py:82|Disposing async DB engine
2025-09-25 18:10:42|/home/juanpa/Projects/arch-stats/backend/src/app.py:34|Server shutdown complete.
2025-09-25 18:13:41|/home/juanpa/Projects/arch-stats/backend/src/app.py:25|Starting Server up...
2025-09-25 18:13:41|/home/juanpa/Projects/arch-stats/backend/src/db_engine.py:62|Creating new async DB engine
2025-09-25 18:21:03|/home/juanpa/Projects/arch-stats/backend/src/app.py:32|Closing DB...
2025-09-25 18:21:03|/home/juanpa/Projects/arch-stats/backend/src/db_engine.py:82|Disposing async DB engine
2025-09-25 18:21:03|/home/juanpa/Projects/arch-stats/backend/src/app.py:34|Server shutdown complete.
2025-09-25 18:21:46|/home/juanpa/Projects/arch-stats/backend/src/app.py:25|Starting Server up...
2025-09-25 18:21:46|/home/juanpa/Projects/arch-stats/backend/src/db_engine.py:62|Creating new async DB engine
2025-09-25 18:21:59|/home/juanpa/Projects/arch-stats/backend/src/app.py:32|Closing DB...
2025-09-25 18:21:59|/home/juanpa/Projects/arch-stats/backend/src/db_engine.py:82|Disposing async DB engine
2025-09-25 18:21:59|/home/juanpa/Projects/arch-stats/backend/src/app.py:34|Server shutdown complete.
2025-09-25 18:22:00|/home/juanpa/Projects/arch-stats/backend/src/app.py:25|Starting Server up...
2025-09-25 18:22:00|/home/juanpa/Projects/arch-stats/backend/src/db_engine.py:62|Creating new async DB engine
2025-09-25 18:22:44|/home/juanpa/Projects/arch-stats/backend/src/app.py:32|Closing DB...
2025-09-25 18:22:44|/home/juanpa/Projects/arch-stats/backend/src/db_engine.py:82|Disposing async DB engine
2025-09-25 18:22:44|/home/juanpa/Projects/arch-stats/backend/src/app.py:34|Server shutdown complete.
2025-09-25 18:22:44|/home/juanpa/Projects/arch-stats/backend/src/app.py:25|Starting Server up...
2025-09-25 18:22:44|/home/juanpa/Projects/arch-stats/backend/src/db_engine.py:62|Creating new async DB engine
2025-09-25 18:26:45|/home/juanpa/Projects/arch-stats/backend/src/app.py:32|Closing DB...
2025-09-25 18:26:45|/home/juanpa/Projects/arch-stats/backend/src/db_engine.py:82|Disposing async DB engine
2025-09-25 18:26:45|/home/juanpa/Projects/arch-stats/backend/src/app.py:34|Server shutdown complete.
2025-09-25 18:26:47|/home/juanpa/Projects/arch-stats/backend/src/app.py:25|Starting Server up...
2025-09-25 18:26:47|/home/juanpa/Projects/arch-stats/backend/src/db_engine.py:62|Creating new async DB engine
2025-09-25 18:26:48|/home/juanpa/Projects/arch-stats/backend/src/app.py:32|Closing DB...
2025-09-25 18:26:48|/home/juanpa/Projects/arch-stats/backend/src/db_engine.py:82|Disposing async DB engine
2025-09-25 18:26:48|/home/juanpa/Projects/arch-stats/backend/src/app.py:34|Server shutdown complete.
